<?xml version="1.0" encoding="UTF-8"?>
<testsuite xmlns:xsi="http://www.w3.org/2001/XMLSchema-instance" xsi:noNamespaceSchemaLocation="https://maven.apache.org/surefire/maven-surefire-plugin/xsd/surefire-test-report.xsd" name="com.burdach.AppTest" time="0.413" tests="7" errors="0" skipped="0" failures="0">
  <properties>
[...]
</properties>
  <testcase name="testEmptyGraph" classname="com.burdach.AppTest" time="0.085"/>
  <testcase name="testTwoNodesGraph" classname="com.burdach.AppTest" time="0.041"/>
  <testcase name="testNode1NotInGraph" classname="com.burdach.AppTest" time="0.067"/>
  <testcase name="testSameStartAndEndNode" classname="com.burdach.AppTest" time="0.05"/>
  <testcase name="testDirectPath" classname="com.burdach.AppTest" time="0.043"/>
  <testcase name="testMultiStepPath" classname="com.burdach.AppTest" time="0.046"/>
  <testcase name="testNode2NotInGraph" classname="com.burdach.AppTest" time="0.047"/>
</testsuite>